<?xml version="1.0" encoding="UTF-8"?>
<testng-results skipped="0" failed="1" ignored="0" total="1" passed="0">
  <reporter-output>
    <line>
      <![CDATA[captureScreen method called]]>
    </line>
    <line>
      <![CDATA[<a href='D:\21stFeb\Framework2\resources\screenShots\TC_001_invalidLoginTest_InvalidUserNameInvalidPassword_21_02_2020_05_27_12.png'><img src='D:\21stFeb\Framework2\resources\screenShots\TC_001_invalidLoginTest_InvalidUserNameInvalidPassword_21_02_2020_05_27_12.png'height='100' width='100'/></a>]]>
    </line>
  </reporter-output>
  <suite name="Default suite" duration-ms="10662" started-at="2020-02-21T11:57:03Z" finished-at="2020-02-21T11:57:14Z">
    <groups>
    </groups>
    <test name="Default test" duration-ms="10662" started-at="2020-02-21T11:57:03Z" finished-at="2020-02-21T11:57:14Z">
      <class name="tests.Inputform">
        <test-method status="PASS" signature="beforeSuite()[pri:0, instance:tests.Inputform@398b7c]" name="beforeSuite" is-config="true" duration-ms="231" started-at="2020-02-21T17:27:03Z" finished-at="2020-02-21T17:27:03Z">
          <reporter-output>
          </reporter-output>
        </test-method> <!-- beforeSuite -->
        <test-method status="PASS" signature="beforeTest()[pri:0, instance:tests.Inputform@398b7c]" name="beforeTest" is-config="true" duration-ms="4925" started-at="2020-02-21T17:27:03Z" finished-at="2020-02-21T17:27:08Z">
          <reporter-output>
          </reporter-output>
        </test-method> <!-- beforeTest -->
        <test-method status="PASS" signature="beforeClass()[pri:0, instance:tests.Inputform@398b7c]" name="beforeClass" is-config="true" duration-ms="2361" started-at="2020-02-21T17:27:08Z" finished-at="2020-02-21T17:27:11Z">
          <reporter-output>
          </reporter-output>
        </test-method> <!-- beforeClass -->
        <test-method status="PASS" signature="beforeMethod(java.lang.reflect.Method)[pri:0, instance:tests.Inputform@398b7c]" name="beforeMethod" is-config="true" duration-ms="11" started-at="2020-02-21T17:27:11Z" finished-at="2020-02-21T17:27:11Z">
          <params>
            <param index="0">
              <value>
                <![CDATA[public void tests.Inputform.TC_001_invalidLoginTest_InvalidUserNameInvalidPassword()]]>
              </value>
            </param>
          </params>
          <reporter-output>
          </reporter-output>
        </test-method> <!-- beforeMethod -->
        <test-method status="FAIL" signature="TC_001_invalidLoginTest_InvalidUserNameInvalidPassword()[pri:0, instance:tests.Inputform@398b7c]" name="TC_001_invalidLoginTest_InvalidUserNameInvalidPassword" duration-ms="1310" started-at="2020-02-21T17:27:11Z" finished-at="2020-02-21T17:27:12Z">
          <exception class="java.lang.AssertionError">
            <message>
              <![CDATA[expected [true] but found [false]]]>
            </message>
            <full-stacktrace>
              <![CDATA[java.lang.AssertionError: expected [true] but found [false]at org.testng.Assert.fail(Assert.java:96)at org.testng.Assert.failNotEquals(Assert.java:776)at org.testng.Assert.assertTrue(Assert.java:44)at org.testng.Assert.assertTrue(Assert.java:54)at tests.Inputform.TC_001_invalidLoginTest_InvalidUserNameInvalidPassword(Inputform.java:43)at sun.reflect.NativeMethodAccessorImpl.invoke0(Native Method)at sun.reflect.NativeMethodAccessorImpl.invoke(NativeMethodAccessorImpl.java:62)at sun.reflect.DelegatingMethodAccessorImpl.invoke(DelegatingMethodAccessorImpl.java:43)at java.lang.reflect.Method.invoke(Method.java:498)at org.testng.internal.MethodInvocationHelper.invokeMethod(MethodInvocationHelper.java:124)at org.testng.internal.Invoker.invokeMethod(Invoker.java:571)at org.testng.internal.Invoker.invokeTestMethod(Invoker.java:707)at org.testng.internal.Invoker.invokeTestMethods(Invoker.java:979)at org.testng.internal.TestMethodWorker.invokeTestMethods(TestMethodWorker.java:125)at org.testng.internal.TestMethodWorker.run(TestMethodWorker.java:109)at org.testng.TestRunner.privateRun(TestRunner.java:648)at org.testng.TestRunner.run(TestRunner.java:505)at org.testng.SuiteRunner.runTest(SuiteRunner.java:455)at org.testng.SuiteRunner.runSequentially(SuiteRunner.java:450)at org.testng.SuiteRunner.privateRun(SuiteRunner.java:415)at org.testng.SuiteRunner.run(SuiteRunner.java:364)at org.testng.SuiteRunnerWorker.runSuite(SuiteRunnerWorker.java:52)at org.testng.SuiteRunnerWorker.run(SuiteRunnerWorker.java:84)at org.testng.TestNG.runSuitesSequentially(TestNG.java:1187)at org.testng.TestNG.runSuitesLocally(TestNG.java:1116)at org.testng.TestNG.runSuites(TestNG.java:1028)at org.testng.TestNG.run(TestNG.java:996)at org.testng.remote.AbstractRemoteTestNG.run(AbstractRemoteTestNG.java:114)at org.testng.remote.RemoteTestNG.initAndRun(RemoteTestNG.java:251)at org.testng.remote.RemoteTestNG.main(RemoteTestNG.java:77)]]>
            </full-stacktrace>
          </exception> <!-- java.lang.AssertionError -->
          <reporter-output>
          </reporter-output>
        </test-method> <!-- TC_001_invalidLoginTest_InvalidUserNameInvalidPassword -->
        <test-method status="PASS" signature="afterMethod(org.testng.ITestResult)[pri:0, instance:tests.Inputform@398b7c]" name="afterMethod" is-config="true" duration-ms="1047" started-at="2020-02-21T17:27:12Z" finished-at="2020-02-21T17:27:13Z">
          <params>
            <param index="0">
              <value>
                <![CDATA[[TestResult name=TC_001_invalidLoginTest_InvalidUserNameInvalidPassword status=FAILURE method=Inputform.TC_001_invalidLoginTest_InvalidUserNameInvalidPassword()[pri:0, instance:tests.Inputform@398b7c] output={null}]]]>
              </value>
            </param>
          </params>
          <reporter-output>
            <line>
              <![CDATA[captureScreen method called]]>
            </line>
            <line>
              <![CDATA[<a href='D:\21stFeb\Framework2\resources\screenShots\TC_001_invalidLoginTest_InvalidUserNameInvalidPassword_21_02_2020_05_27_12.png'><img src='D:\21stFeb\Framework2\resources\screenShots\TC_001_invalidLoginTest_InvalidUserNameInvalidPassword_21_02_2020_05_27_12.png'height='100' width='100'/></a>]]>
            </line>
          </reporter-output>
        </test-method> <!-- afterMethod -->
        <test-method status="PASS" signature="afterTest()[pri:0, instance:tests.Inputform@398b7c]" name="afterTest" is-config="true" duration-ms="967" started-at="2020-02-21T17:27:13Z" finished-at="2020-02-21T17:27:14Z">
          <reporter-output>
          </reporter-output>
        </test-method> <!-- afterTest -->
      </class> <!-- tests.Inputform -->
    </test> <!-- Default test -->
  </suite> <!-- Default suite -->
</testng-results>
